[INFO] 01:37:12:327 /(5279:5279): Hola! Soy un log
[INFO] 01:37:12:327 /(5279:5279): valor
[INFO] 01:37:34:207 /(5308:5308): Hola! Soy un log
[INFO] 01:37:34:214 /(5308:5308): valor
[INFO] 01:37:38:545 /(5308:5308): mensaje 1
[INFO] 01:37:43:937 /(5308:5308): mensaje 2 para log
[INFO] 01:37:48:081 /(5308:5308): mensaje 3 para log
[INFO] 01:41:06:801 /(5374:5374): Hola! Soy un log
[INFO] 01:41:06:810 /(5374:5374): valor
[INFO] 01:41:11:577 /(5374:5374): Mensaje 1 para log
[INFO] 01:41:15:769 /(5374:5374): Mensajo 2 para log
[INFO] 01:41:19:962 /(5374:5374): Mensaje 3 para log
[INFO] 01:42:56:211 /(5457:5457): Hola! Soy un log
[INFO] 01:42:59:139 /(5457:5457): valor
[INFO] 01:43:08:450 /(5457:5457): Mensaje 1 log
[INFO] 01:43:16:145 /(5457:5457): Mensaje 2 log
[INFO] 01:48:12:230 /(5561:5561): Hola! Soy un log
[INFO] 01:48:12:233 /(5561:5561): valor
[INFO] 01:48:14:410 /(5561:5561): 1
[INFO] 01:48:15:322 /(5561:5561): 2
[INFO] 01:48:15:882 /(5561:5561): 3
[INFO] 01:48:49:988 /(5590:5590): Hola! Soy un log
[INFO] 01:48:49:991 /(5590:5590): valor
[INFO] 01:48:52:434 /(5590:5590): 1
[INFO] 01:48:53:513 /(5590:5590): 2
[INFO] 01:48:54:194 /(5590:5590): 3
[INFO] 01:52:10:393 /(5678:5678): Hola! Soy un log
[INFO] 01:52:10:410 /(5678:5678): valor
[INFO] 01:52:12:395 /(5678:5678): 1
[INFO] 01:52:13:851 /(5678:5678): 2
[INFO] 01:52:14:627 /(5678:5678): 3
[INFO] 01:58:10:674 /(5834:5834): Hola! Soy un log
[INFO] 01:58:10:682 /(5834:5834): valor
[INFO] 01:58:12:859 /(5834:5834): 1
[INFO] 01:58:14:075 /(5834:5834): 2
[INFO] 01:58:14:867 /(5834:5834): 3
[INFO] 02:05:45:204 /(5953:5953): Hola! Soy un log
[INFO] 02:05:45:209 /(5953:5953): valor
[INFO] 02:06:10:722 /(5953:5953): hola
[INFO] 02:06:12:986 /(5953:5953): souy
[INFO] 02:06:14:010 /(5953:5953): yo
[INFO] 03:00:59:142 /(6760:6760): Hola! Soy un log
[INFO] 03:00:59:146 /(6760:6760): valor
[INFO] 03:01:01:948 /(6760:6760): Log 1
[INFO] 03:01:07:381 /(6760:6760): Log 2
[INFO] 03:01:09:941 /(6760:6760): Log 3
[INFO] 19:08:11:912 /(7083:7083): Hola! Soy un log
[INFO] 19:08:11:913 /(7083:7083): valor
[INFO] 19:08:15:917 /(7083:7083): log 1
[INFO] 19:08:17:565 /(7083:7083): log 2
[INFO] 19:08:19:045 /(7083:7083): log 3
[INFO] 19:11:01:358 /(7162:7162): Hola! Soy un log
[INFO] 19:11:01:362 /(7162:7162): valor
[INFO] 19:12:44:819 /(7219:7219): Hola! Soy un log
[INFO] 19:12:44:823 /(7219:7219): valor
